Using pre-set license
Built from '2022.3/staging' branch; Version is '2022.3.4f1 (35713cd46cd7) revision 3502396'; Using compiler version '192829333'; Build Type 'Release'
OS: 'Windows 10  (10.0.19045) 64bit Core' Language: 'en' Physical Memory: 7558 MB
BatchMode: 1, IsHumanControllingUs: 0, StartBugReporterOnCrash: 0, Is64bit: 1, IsPro: 1

COMMAND LINE ARGUMENTS:
C:\Program Files\Unity\Hub\Editor\2022.3.4f1\Editor\Unity.exe
-adb2
-batchMode
-noUpm
-name
AssetImportWorker130
-projectPath
C:/Users/Taras Sliusar/Bank-Hack
-logFile
Logs/AssetImportWorker130.log
-srvPort
57344
Successfully changed project path to: C:/Users/Taras Sliusar/Bank-Hack
C:/Users/Taras Sliusar/Bank-Hack
[UnityMemory] Configuration Parameters - Can be set up in boot.config
    "memorysetup-bucket-allocator-granularity=16"
    "memorysetup-bucket-allocator-bucket-count=8"
    "memorysetup-bucket-allocator-block-size=33554432"
    "memorysetup-bucket-allocator-block-count=8"
    "memorysetup-main-allocator-block-size=16777216"
    "memorysetup-thread-allocator-block-size=16777216"
    "memorysetup-gfx-main-allocator-block-size=16777216"
    "memorysetup-gfx-thread-allocator-block-size=16777216"
    "memorysetup-cache-allocator-block-size=4194304"
    "memorysetup-typetree-allocator-block-size=2097152"
    "memorysetup-profiler-bucket-allocator-granularity=16"
    "memorysetup-profiler-bucket-allocator-bucket-count=8"
    "memorysetup-profiler-bucket-allocator-block-size=33554432"
    "memorysetup-profiler-bucket-allocator-block-count=8"
    "memorysetup-profiler-allocator-block-size=16777216"
    "memorysetup-profiler-editor-allocator-block-size=1048576"
    "memorysetup-temp-allocator-size-main=16777216"
    "memorysetup-job-temp-allocator-block-size=2097152"
    "memorysetup-job-temp-allocator-block-size-background=1048576"
    "memorysetup-job-temp-allocator-reduction-small-platforms=262144"
    "memorysetup-allocator-temp-initial-block-size-main=262144"
    "memorysetup-allocator-temp-initial-block-size-worker=262144"
    "memorysetup-temp-allocator-size-background-worker=32768"
    "memorysetup-temp-allocator-size-job-worker=262144"
    "memorysetup-temp-allocator-size-preload-manager=33554432"
    "memorysetup-temp-allocator-size-nav-mesh-worker=65536"
    "memorysetup-temp-allocator-size-audio-worker=65536"
    "memorysetup-temp-allocator-size-cloud-worker=32768"
    "memorysetup-temp-allocator-size-gi-baking-worker=262144"
    "memorysetup-temp-allocator-size-gfx=262144"
Player connection [22096] Host "[IP] 192.168.1.21 [Port] 0 [Flags] 2 [Guid] 3479054312 [EditorId] 3479054312 [Version] 1048832 [Id] WindowsEditor(7,DESKTOP-4DLGDL4) [Debug] 1 [PackageName] WindowsEditor [ProjectName] Editor" joined multi-casting on [225.0.0.222:54997]...

Player connection [22096] Host "[IP] 192.168.1.21 [Port] 0 [Flags] 2 [Guid] 3479054312 [EditorId] 3479054312 [Version] 1048832 [Id] WindowsEditor(7,DESKTOP-4DLGDL4) [Debug] 1 [PackageName] WindowsEditor [ProjectName] Editor" joined alternative multi-casting on [225.0.0.222:34997]...

mdb reader table full -> cleaning up stale readers. Current readers:
    pid     thread     txnid
     15280 5500 -
     15280 918 -
     23636 4080 -
      6384 4988 -
     15280 4910 -
     12944 59d4 -
     12492 4b0c -
     23188 78c -
       392 57f0 -
     19944 11f0 -
     18344 15b8 -
     17576 2574 -
     17052 3bf8 -
     12132 2a1c -
      7316 33e0 -
      1828 2868 40566
     20056 55f4 40566
      5404 4ae8 40568
     19480 5f38 40568
      8340 1dc -
     22328 3954 -
     20732 2ed4 -
      2008 402c -
     19008 4450 -
     19840 5668 -
     19736 49a8 -
     18420 df0 -
     22552 41c0 -
     19548 1388 -
     12156 4a94 -
      5312 3dc0 -
      8632 954 -
     23480 4874 -
     10844 4f54 -
      6776 3388 -
      3104 3fe4 -
      2164 35f4 -
      5832 2478 -
     10384 389c -
     13252 4544 -
     14696 30dc -
     24068 ecc -
      4624 39d0 -
     21004 26e4 40596
     24192 5294 -
     13448 3dd0 -
     18464 39a0 -
     17524 536c -
     14660 3ee0 -
     23640 3cf0 -
      8092 4f60 -
     24420 5d44 -
      3424 5350 -
      8556 210 -
      7912 512c -
      6072 5ac4 -
     11368 4214 -
      3476 1f80 -
      8140 2e34 -
     11028 49b4 -
     13984 5144 -
     18220 2ac0 -
     18456 3130 -
      3924 46ac 40616
     10752 4710 -
     16640 3e6c -
     22768 2084 -
     22876 12b4 -
      4148 630 -
     22988 ab8 -
     20164 3b64 -
     11592 1db0 -
     12128 4934 -
     12828 1cf8 -
       288 52ac -
     18684 3580 -
      1684 5340 -
      1588 4094 -
      1244 a04 -
      6432 1b8c -
     14344 1f0 -
      8456 282c -
     22176 5e2c -
      9756 309c -
     23352 341c -
     22504 1f48 -
      3076 5090 -
     23300 1c2c -
      1984 2640 40684
     11116 e6c -
     20620 5ae8 -
     18460 2350 -
     12864 5164 -
     11488 410c -
     11060 1e34 -
     10112 4d10 -
      1564 1274 -
     20896 5588 -
     13924 3fa0 -
      5516 2238 -
      4688 1efc -
      4836 5e10 -
     17468 12b8 -
     20152 48a4 -
      9540 36cc -
     18900 16c4 -
      2292 2f8c -
     14332 12f8 -
     13772 2e58 -
      6732 5eb4 -
      2424 4490 -
      1252 46dc -
      2824 2b10 -
      2640 4f80 -
      4236 3c90 -
      2428 c58 -
     23024 426c -
     24000 1194 -
     17268 3ef0 -
      9836 35d8 -
     13324 482c -
     20216 3710 40716
     17288 37e0 -
     12112 1c0 -
     21340 57b0 -
      8484 3680 -
Cleaned out 122 stale readers
mdb reader table full -> cleaning up stale readers. Current readers:
    pid     thread     txnid
     15280 5500 34764
     15280 4910 -
      6384 4988 -
     23636 4080 -
     12944 59d4 -
     12492 4b0c -
     23188 78c -
       392 57f0 -
     19944 11f0 -
     18344 15b8 -
     17576 2574 -
     17052 3bf8 -
     12132 2a1c -
      7316 33e0 -
      1828 2868 -
     20056 55f4 -
      5404 4ae8 -
     19480 5f38 -
      8340 1dc -
     22328 3954 -
     15280 32e0 -
     20732 2ed4 -
      2008 402c -
     19008 4450 34657
     19840 5668 -
     19736 49a8 -
     18420 df0 -
     22552 41c0 -
     19548 1388 -
     12156 4a94 -
      5312 3dc0 -
      8632 954 -
     23480 4874 -
     10844 4f54 -
      6776 3388 -
      3104 3fe4 -
      2164 35f4 -
      5832 2478 -
     10384 389c -
     13252 4544 -
     14696 30dc -
     24068 ecc -
      4624 39d0 -
     21004 26e4 -
     24192 5294 -
     13448 3dd0 -
     18464 39a0 -
     17524 536c -
     14660 3ee0 -
     23640 3cf0 -
      8092 4f60 -
     24420 5d44 -
      3424 5350 -
      8556 210 -
      7912 512c -
      6072 5ac4 -
     11368 4214 -
      3476 1f80 -
      8140 2e34 -
     11028 49b4 -
     13984 5144 -
     18220 2ac0 -
     18456 3130 -
      3924 46ac -
     10752 4710 -
     16640 3e6c -
     22768 2084 -
     22876 12b4 -
      4148 630 -
     22988 ab8 -
     20164 3b64 -
     11592 1db0 -
     12128 4934 -
     12828 1cf8 -
       288 52ac -
     18684 3580 -
      1684 5340 -
      1588 4094 -
      1244 a04 -
      6432 1b8c -
     14344 1f0 -
      8456 282c -
     22176 5e2c -
      9756 309c -
     23352 341c -
     22504 1f48 -
      3076 5090 -
     23300 1c2c -
     11116 e6c -
      1984 2640 -
     20620 5ae8 -
     18460 2350 -
     12864 5164 -
     11488 410c -
     11060 1e34 -
     10112 4d10 -
      1564 1274 -
     20896 5588 -
     13924 3fa0 -
      5516 2238 -
      4688 1efc -
      4836 5e10 -
     17468 12b8 -
     20152 48a4 -
      9540 36cc -
     18900 16c4 -
      2292 2f8c -
     14332 12f8 -
     13772 2e58 -
      6732 5eb4 -
      2424 4490 -
      1252 46dc -
      2824 2b10 -
      2640 4f80 -
      4236 3c90 -
      2428 c58 -
     23024 426c -
     24000 1194 -
     17268 3ef0 -
      9836 35d8 -
     13324 482c -
     20216 3710 -
     17288 37e0 -
     12112 1c0 -
     21340 57b0 -
      8484 3680 -
Cleaned out 122 stale readers
Refreshing native plugins compatible for Editor in 85.74 ms, found 6 plugins.
Preloading 0 native plugins for Editor in 0.00 ms.
Initialize engine version: 2022.3.4f1 (35713cd46cd7)
[Subsystems] Discovering subsystems at path C:/Program Files/Unity/Hub/Editor/2022.3.4f1/Editor/Data/Resources/UnitySubsystems
[Subsystems] Discovering subsystems at path C:/Users/Taras Sliusar/Bank-Hack/Assets
GfxDevice: creating device client; threaded=0; jobified=0
